R 01-10-2018 15:21 AN02250221900VER ricoverato
A 01-10-2018 15:21 LIVELLO 2: IPOTERMIA 33°C L'allarme non è stato interrotto in tempo
A 01-10-2018 15:21 LIVELLO 2: IPOTENSIONE SISTOLICA 90mmHg L'allarme non è stato interrotto in tempo
A 01-10-2018 15:21 LIVELLO 2: IPERTENSIONE DIASTOLICA 107mmHg L'allarme non è stato interrotto in tempo
A 01-10-2018 15:21 LIVELLO 1: BRADICARDIA 31bpm L'allarme non è stato interrotto in tempo
A 01-10-2018 15:21 LIVELLO 3: FLUTTER 156bpm L'allarme non è stato interrotto in tempo
A 01-10-2018 15:21 LIVELLO 2: IPERTENSIONE DIASTOLICA 101mmHg Disattivato dopo 8 secondi #
A 01-10-2018 15:21 LIVELLO 2: IPERTENSIONE SISTOLICA 142mmHg Disattivato dopo 14 secondi #
A 01-10-2018 15:21 LIVELLO 2: IPERTERMIA 50°C Disattivato dopo 1 secondi #
R 01-10-2018 15:28 AA0210211900AAA ricoverato
R 01-10-2018 15:37 BA0210211900CCC ricoverato
P 01-10-2018 15:49 BA0210211900CCC nuova prescrizione aspirina31201/10/2018
S 01-10-2018 15:49 aspirina31201/10/2018 dasda
A 01-10-2018 15:49 LIVELLO 2: IPERTERMIA 43°C L'allarme non è stato interrotto in tempo
A 01-10-2018 15:49 LIVELLO 2: IPOTERMIA 33°C L'allarme non è stato interrotto in tempo
A 01-10-2018 15:49 LIVELLO 2: IPOTENSIONE SISTOLICA 81mmHg L'allarme non è stato interrotto in tempo
A 01-10-2018 15:49 LIVELLO 2: IPERTENSIONE SISTOLICA 144mmHg L'allarme non è stato interrotto in tempo
A 01-10-2018 15:49 LIVELLO 2: IPOTENSIONE SISTOLICA 86mmHg L'allarme non è stato interrotto in tempo
A 01-10-2018 15:49 LIVELLO 2: IPERTENSIONE DIASTOLICA 104mmHg L'allarme non è stato interrotto in tempo
A 01-10-2018 15:49 LIVELLO 2: IPERTENSIONE DIASTOLICA 98mmHg L'allarme non è stato interrotto in tempo
A 01-10-2018 15:49 LIVELLO 1: TACHICARDIA 141bpm L'allarme non è stato interrotto in tempo
A 01-10-2018 15:49 LIVELLO 1: BRADICARDIA 40bpm L'allarme non è stato interrotto in tempo
A 01-10-2018 15:49 LIVELLO 1: TACHICARDIA 103bpm L'allarme non è stato interrotto in tempo
D 01-10-2018 15:49 AA0210211900AAA è stato dimesso
A 01-10-2018 15:49 LIVELLO 2: IPERTENSIONE DIASTOLICA 104mmHg L'allarme non è stato interrotto in tempo
A 01-10-2018 15:49 LIVELLO 2: IPERTENSIONE SISTOLICA 162mmHg L'allarme non è stato interrotto in tempo
A 01-10-2018 15:49 LIVELLO 2: IPERTENSIONE SISTOLICA 158mmHg L'allarme non è stato interrotto in tempo
A 01-10-2018 15:49 LIVELLO 3: FLUTTER 157bpm L'allarme non è stato interrotto in tempo
