A 10-09-2018 12:29 LIVELLO 2: IPERTERMIA 48°C Disattivato dopo 17 secondi #
A 10-09-2018 13:00 LIVELLO 2: IPOTENSIONE SISTOLICA 89mmHg L'allarme non è stato interrotto in tempo
A 10-09-2018 13:00 LIVELLO 2: IPOTENSIONE SISTOLICA 87mmHg L'allarme non è stato interrotto in tempo
A 10-09-2018 13:30 LIVELLO 2: IPERTERMIA 40°C Disattivato dopo 1 secondi #
A 10-09-2018 13:30 LIVELLO 2: IPERTENSIONE SISTOLICA 163mmHg Disattivato dopo 2 secondi #
A 10-09-2018 13:30 LIVELLO 1: BRADICARDIA 51bpm Disattivato dopo 3 secondi #
A 10-09-2018 13:30 LIVELLO 2: IPERTERMIA 45°C Disattivato dopo 3 secondi #
A 10-09-2018 13:30 LIVELLO 2: IPERTERMIA 47°C Disattivato dopo 1 secondi #
A 10-09-2018 13:30 LIVELLO 2: IPERTENSIONE SISTOLICA 173mmHg Disattivato dopo 1 secondi #
A 10-09-2018 13:30 LIVELLO 1: BRADICARDIA 52bpm Disattivato dopo 1 secondi #
A 10-09-2018 13:30 LIVELLO 2: IPERTENSIONE SISTOLICA 148mmHg Disattivato dopo 2 secondi #
R 10-09-2018 17:11 PP0210211900PPP ricoverato
R 10-09-2018 17:17 PC0210211900CAC ricoverato
A 10-09-2018 17:17 LIVELLO 2: IPOTERMIA 34°C L'allarme non è stato interrotto in tempo
A 10-09-2018 17:17 LIVELLO 2: IPERTENSIONE SISTOLICA 160mmHg L'allarme non è stato interrotto in tempo
A 10-09-2018 17:17 LIVELLO 2: IPERTERMIA 47°C L'allarme non è stato interrotto in tempo
A 10-09-2018 17:17 LIVELLO 2: IPERTERMIA 43°C L'allarme non è stato interrotto in tempo
A 10-09-2018 17:17 LIVELLO 2: IPERTENSIONE SISTOLICA 140mmHg Disattivato dopo 10 secondi #
A 10-09-2018 17:17 LIVELLO 2: IPOTENSIONE SISTOLICA 84mmHg Disattivato dopo 11 secondi #
A 10-09-2018 17:17 LIVELLO 2: IPOTENSIONE SISTOLICA 84mmHg Disattivato dopo 11 secondi #
A 10-09-2018 17:17 LIVELLO 2: IPERTENSIONE DIASTOLICA 101mmHg Disattivato dopo 12 secondi #
A 10-09-2018 17:17 LIVELLO 2: IPERTENSIONE DIASTOLICA 99mmHg Disattivato dopo 12 secondi #
A 10-09-2018 17:17 LIVELLO 2: IPERTERMIA 50°C L'allarme non è stato interrotto in tempo
A 10-09-2018 17:17 LIVELLO 2: IPOTENSIONE SISTOLICA 84mmHg L'allarme non è stato interrotto in tempo
A 10-09-2018 17:22 LIVELLO 2: IPOTERMIA 32°C Disattivato dopo 8 secondi #
A 10-09-2018 17:22 LIVELLO 2: IPERTERMIA 43°C Disattivato dopo 8 secondi #
A 10-09-2018 17:22 LIVELLO 2: IPERTENSIONE SISTOLICA 170mmHg Disattivato dopo 8 secondi #
A 10-09-2018 17:22 LIVELLO 2: IPERTERMIA 45°C Disattivato dopo 9 secondi #
A 10-09-2018 17:22 LIVELLO 2: IPERTENSIONE DIASTOLICA 91mmHg Disattivato dopo 9 secondi #
A 10-09-2018 17:22 LIVELLO 2: IPERTENSIONE SISTOLICA 162mmHg Disattivato dopo 9 secondi #
A 10-09-2018 17:22 LIVELLO 1: TACHICARDIA 147bpm Disattivato dopo 9 secondi #
A 10-09-2018 17:22 LIVELLO 1: TACHICARDIA 123bpm Disattivato dopo 10 secondi #
A 10-09-2018 17:22 LIVELLO 1: BRADICARDIA 51bpm Disattivato dopo 10 secondi #
A 10-09-2018 17:22 LIVELLO 2: IPOTENSIONE SISTOLICA 89mmHg Disattivato dopo 10 secondi #
R 10-09-2018 17:32 AA0210211900AAA ricoverato
R 10-09-2018 18:07 XB0210211900XXX ricoverato
