A 11-09-2018 17:43 LIVELLO 2: IPERTERMIA 45°C Disattivato dopo 8 secondi #
A 11-09-2018 17:43 LIVELLO 2: IPERTERMIA 41°C Disattivato dopo 8 secondi #
A 11-09-2018 17:43 LIVELLO 2: IPOTENSIONE SISTOLICA 99mmHg Disattivato dopo 8 secondi #
A 11-09-2018 17:43 LIVELLO 2: IPERTENSIONE SISTOLICA 145mmHg Disattivato dopo 9 secondi #
A 11-09-2018 17:43 LIVELLO 2: IPOTERMIA 34°C Disattivato dopo 9 secondi #
A 11-09-2018 17:43 LIVELLO 2: IPERTENSIONE DIASTOLICA 103mmHg Disattivato dopo 9 secondi #
A 11-09-2018 17:43 LIVELLO 2: IPERTENSIONE DIASTOLICA 107mmHg Disattivato dopo 9 secondi #
A 11-09-2018 17:43 LIVELLO 2: IPOTENSIONE DIASTOLICA 61mmHg Disattivato dopo 9 secondi #
A 11-09-2018 17:43 LIVELLO 1: TACHICARDIA 122bpm Disattivato dopo 10 secondi #
A 11-09-2018 17:43 LIVELLO 2: IPOTENSIONE DIASTOLICA 63mmHg Disattivato dopo 10 secondi #
A 11-09-2018 17:43 LIVELLO 1: BRADICARDIA 56bpm Disattivato dopo 11 secondi #
A 11-09-2018 17:43 LIVELLO 1: BRADICARDIA 46bpm Disattivato dopo 11 secondi #
A 11-09-2018 17:43 LIVELLO 1: BRADICARDIA 54bpm Disattivato dopo 11 secondi #
A 11-09-2018 18:03 LIVELLO 2: IPERTERMIA 40°C Disattivato dopo 2 secondi #
A 11-09-2018 18:03 LIVELLO 2: IPERTERMIA 45°C Disattivato dopo 2 secondi #
A 11-09-2018 18:03 LIVELLO 2: IPOTENSIONE SISTOLICA 95mmHg Disattivato dopo 2 secondi #
A 11-09-2018 18:03 LIVELLO 2: IPOTERMIA 34°C Disattivato dopo 2 secondi #
A 11-09-2018 18:03 LIVELLO 2: IPOTENSIONE SISTOLICA 99mmHg Disattivato dopo 2 secondi #
A 11-09-2018 18:03 LIVELLO 2: IPERTENSIONE DIASTOLICA 90mmHg Disattivato dopo 3 secondi #
A 11-09-2018 18:03 LIVELLO 2: IPERTENSIONE DIASTOLICA 107mmHg Disattivato dopo 3 secondi #
A 11-09-2018 18:03 LIVELLO 2: IPERTERMIA 45°C Disattivato dopo 3 secondi #
A 11-09-2018 18:03 LIVELLO 2: IPERTENSIONE DIASTOLICA 90mmHg Disattivato dopo 3 secondi #
A 11-09-2018 18:03 LIVELLO 1: TACHICARDIA 145bpm Disattivato dopo 3 secondi #
A 11-09-2018 18:03 LIVELLO 2: IPOTERMIA 31°C Disattivato dopo 4 secondi #
A 11-09-2018 18:03 LIVELLO 1: TACHICARDIA 107bpm Disattivato dopo 4 secondi #
A 11-09-2018 18:03 LIVELLO 1: TACHICARDIA 120bpm Disattivato dopo 4 secondi #
A 11-09-2018 18:03 LIVELLO 2: IPERTENSIONE DIASTOLICA 93mmHg Disattivato dopo 4 secondi #
A 11-09-2018 18:03 LIVELLO 1: TACHICARDIA 116bpm Disattivato dopo 4 secondi #
A 11-09-2018 18:03 LIVELLO 1: TACHICARDIA 145bpm L'allarme non è stato interrotto in tempo
A 11-09-2018 18:03 LIVELLO 1: TACHICARDIA 107bpm L'allarme non è stato interrotto in tempo
A 11-09-2018 18:03 LIVELLO 1: TACHICARDIA 120bpm L'allarme non è stato interrotto in tempo
A 11-09-2018 18:03 LIVELLO 1: TACHICARDIA 116bpm L'allarme non è stato interrotto in tempo
A 11-09-2018 18:03 LIVELLO 2: IPERTERMIA 40°C L'allarme non è stato interrotto in tempo
A 11-09-2018 18:03 LIVELLO 2: IPERTERMIA 45°C L'allarme non è stato interrotto in tempo
A 11-09-2018 18:03 LIVELLO 2: IPOTENSIONE SISTOLICA 95mmHg L'allarme non è stato interrotto in tempo
A 11-09-2018 18:03 LIVELLO 2: IPOTERMIA 34°C L'allarme non è stato interrotto in tempo
A 11-09-2018 18:03 LIVELLO 2: IPOTENSIONE SISTOLICA 99mmHg L'allarme non è stato interrotto in tempo
A 11-09-2018 18:03 LIVELLO 2: IPERTENSIONE DIASTOLICA 90mmHg L'allarme non è stato interrotto in tempo
A 11-09-2018 18:03 LIVELLO 2: IPERTENSIONE DIASTOLICA 107mmHg L'allarme non è stato interrotto in tempo
A 11-09-2018 18:03 LIVELLO 2: IPERTERMIA 45°C L'allarme non è stato interrotto in tempo
A 11-09-2018 18:03 LIVELLO 2: IPOTENSIONE SISTOLICA 99mmHg L'allarme non è stato interrotto in tempo
A 11-09-2018 18:03 LIVELLO 2: IPOTENSIONE DIASTOLICA 60mmHg L'allarme non è stato interrotto in tempo
A 11-09-2018 18:03 LIVELLO 2: IPERTENSIONE SISTOLICA 180mmHg L'allarme non è stato interrotto in tempo
A 11-09-2018 18:03 LIVELLO 2: IPOTENSIONE SISTOLICA 96mmHg L'allarme non è stato interrotto in tempo
A 11-09-2018 18:03 LIVELLO 2: IPOTENSIONE SISTOLICA 94mmHg L'allarme non è stato interrotto in tempo
A 11-09-2018 18:03 LIVELLO 2: IPOTENSIONE DIASTOLICA 60mmHg L'allarme non è stato interrotto in tempo
A 11-09-2018 18:03 LIVELLO 2: IPOTENSIONE DIASTOLICA 65mmHg L'allarme non è stato interrotto in tempo
A 11-09-2018 18:03 LIVELLO 3: FLUTTER 157bpm L'allarme non è stato interrotto in tempo
A 11-09-2018 18:03 LIVELLO 2: IPOTENSIONE DIASTOLICA 64mmHg L'allarme non è stato interrotto in tempo
A 11-09-2018 18:03 LIVELLO 2: IPOTENSIONE DIASTOLICA 65mmHg L'allarme non è stato interrotto in tempo
A 11-09-2018 18:03 LIVELLO 2: IPERTENSIONE DIASTOLICA 104mmHg L'allarme non è stato interrotto in tempo
A 11-09-2018 18:03 LIVELLO 2: IPERTENSIONE DIASTOLICA 90mmHg L'allarme non è stato interrotto in tempo
A 11-09-2018 18:03 LIVELLO 2: IPOTERMIA 31°C L'allarme non è stato interrotto in tempo
A 11-09-2018 18:03 LIVELLO 2: IPERTENSIONE DIASTOLICA 93mmHg L'allarme non è stato interrotto in tempo
